<?xml version="1.0" encoding="UTF-8"?>
<!-- Generated by org.testng.reporters.JUnitReportReporter -->
<testsuite hostname="817d2f165e075ed" failures="0" tests="2" name="com.parabank.tests.RegistrationTests" time="12.327" errors="0" timestamp="2025-09-30T00:07:51 IST" skipped="0">
  <testcase classname="com.parabank.tests.RegistrationTests" name="testRegistration" time="6.244"/>
  <testcase classname="com.parabank.tests.RegistrationTests" name="testRegistration" time="6.083"/>
</testsuite> <!-- com.parabank.tests.RegistrationTests -->
